[0.060s] DEBUG:colcon:Command line arguments: ['/usr/bin/colcon', 'build']
[0.060s] DEBUG:colcon:Parsed command line arguments: Namespace(log_base=None, log_level=None, verb_name='build', build_base='build', install_base='install', merge_install=False, symlink_install=False, test_result_base=None, continue_on_error=False, executor='parallel', parallel_workers=8, event_handlers=None, ignore_user_meta=False, metas=['./colcon.meta'], base_paths=['.'], packages_ignore=None, packages_ignore_regex=None, paths=None, packages_up_to=None, packages_up_to_regex=None, packages_above=None, packages_above_and_dependencies=None, packages_above_depth=None, packages_select_by_dep=None, packages_skip_by_dep=None, packages_skip_up_to=None, packages_select_build_failed=False, packages_skip_build_finished=False, packages_select_test_failures=False, packages_skip_test_passed=False, packages_select=None, packages_skip=None, packages_select_regex=None, packages_skip_regex=None, packages_start=None, packages_end=None, allow_overriding=[], cmake_args=None, cmake_target=None, cmake_target_skip_unavailable=False, cmake_clean_cache=False, cmake_clean_first=False, cmake_force_configure=False, ament_cmake_args=None, catkin_cmake_args=None, catkin_skip_building_tests=False, verb_parser=<colcon_defaults.argument_parser.defaults.DefaultArgumentsDecorator object at 0x70d10d613190>, verb_extension=<colcon_core.verb.build.BuildVerb object at 0x70d10d612d40>, main=<bound method BuildVerb.main of <colcon_core.verb.build.BuildVerb object at 0x70d10d612d40>>)
[0.150s] Level 1:colcon.colcon_core.package_discovery:discover_packages(colcon_meta) check parameters
[0.150s] Level 1:colcon.colcon_core.package_discovery:discover_packages(recursive) check parameters
[0.150s] Level 1:colcon.colcon_core.package_discovery:discover_packages(ignore) check parameters
[0.150s] Level 1:colcon.colcon_core.package_discovery:discover_packages(path) check parameters
[0.150s] Level 1:colcon.colcon_core.package_discovery:discover_packages(colcon_meta) discover
[0.150s] Level 1:colcon.colcon_core.package_discovery:discover_packages(recursive) discover
[0.150s] INFO:colcon.colcon_core.package_discovery:Crawling recursively for packages in '/home/nimisha/work1/src/wheels'
[0.150s] Level 1:colcon.colcon_core.package_identification:_identify(.) by extensions ['ignore', 'ignore_ament_install']
[0.150s] Level 1:colcon.colcon_core.package_identification:_identify(.) by extension 'ignore'
[0.150s] Level 1:colcon.colcon_core.package_identification:_identify(.) by extension 'ignore_ament_install'
[0.150s] Level 1:colcon.colcon_core.package_identification:_identify(.) by extensions ['colcon_pkg']
[0.150s] Level 1:colcon.colcon_core.package_identification:_identify(.) by extension 'colcon_pkg'
[0.150s] Level 1:colcon.colcon_core.package_identification:_identify(.) by extensions ['colcon_meta']
[0.150s] Level 1:colcon.colcon_core.package_identification:_identify(.) by extension 'colcon_meta'
[0.150s] Level 1:colcon.colcon_core.package_identification:_identify(.) by extensions ['ros']
[0.150s] Level 1:colcon.colcon_core.package_identification:_identify(.) by extension 'ros'
[0.159s] DEBUG:colcon.colcon_core.package_identification:Package '.' with type 'ros.ament_cmake' and name 'wheels'
[0.159s] Level 1:colcon.colcon_core.package_discovery:discover_packages(recursive) using defaults
[0.159s] Level 1:colcon.colcon_core.package_discovery:discover_packages(ignore) discover
[0.159s] Level 1:colcon.colcon_core.package_discovery:discover_packages(ignore) using defaults
[0.159s] Level 1:colcon.colcon_core.package_discovery:discover_packages(path) discover
[0.159s] Level 1:colcon.colcon_core.package_discovery:discover_packages(path) using defaults
[0.170s] Level 1:colcon.colcon_core.package_discovery:discover_packages(prefix_path) check parameters
[0.170s] Level 1:colcon.colcon_core.package_discovery:discover_packages(prefix_path) discover
[0.171s] DEBUG:colcon.colcon_installed_package_information.package_discovery:Found 1 installed packages in /home/nimisha/work1/install
[0.172s] DEBUG:colcon.colcon_installed_package_information.package_discovery:Found 273 installed packages in /opt/ros/humble
[0.173s] Level 1:colcon.colcon_core.package_discovery:discover_packages(prefix_path) using defaults
[0.203s] Level 5:colcon.colcon_core.verb:set package 'wheels' build argument 'cmake_args' from command line to 'None'
[0.203s] Level 5:colcon.colcon_core.verb:set package 'wheels' build argument 'cmake_target' from command line to 'None'
[0.203s] Level 5:colcon.colcon_core.verb:set package 'wheels' build argument 'cmake_target_skip_unavailable' from command line to 'False'
[0.203s] Level 5:colcon.colcon_core.verb:set package 'wheels' build argument 'cmake_clean_cache' from command line to 'False'
[0.203s] Level 5:colcon.colcon_core.verb:set package 'wheels' build argument 'cmake_clean_first' from command line to 'False'
[0.203s] Level 5:colcon.colcon_core.verb:set package 'wheels' build argument 'cmake_force_configure' from command line to 'False'
[0.203s] Level 5:colcon.colcon_core.verb:set package 'wheels' build argument 'ament_cmake_args' from command line to 'None'
[0.203s] Level 5:colcon.colcon_core.verb:set package 'wheels' build argument 'catkin_cmake_args' from command line to 'None'
[0.203s] Level 5:colcon.colcon_core.verb:set package 'wheels' build argument 'catkin_skip_building_tests' from command line to 'False'
[0.203s] DEBUG:colcon.colcon_core.verb:Building package 'wheels' with the following arguments: {'ament_cmake_args': None, 'build_base': '/home/nimisha/work1/src/wheels/build/wheels', 'catkin_cmake_args': None, 'catkin_skip_building_tests': False, 'cmake_args': None, 'cmake_clean_cache': False, 'cmake_clean_first': False, 'cmake_force_configure': False, 'cmake_target': None, 'cmake_target_skip_unavailable': False, 'install_base': '/home/nimisha/work1/src/wheels/install/wheels', 'merge_install': False, 'path': '/home/nimisha/work1/src/wheels', 'symlink_install': False, 'test_result_base': None}
[0.203s] INFO:colcon.colcon_core.executor:Executing jobs using 'parallel' executor
[0.204s] DEBUG:colcon.colcon_parallel_executor.executor.parallel:run_until_complete
[0.204s] INFO:colcon.colcon_ros.task.ament_cmake.build:Building ROS package in '/home/nimisha/work1/src/wheels' with build type 'ament_cmake'
[0.204s] INFO:colcon.colcon_cmake.task.cmake.build:Building CMake package in '/home/nimisha/work1/src/wheels'
[0.205s] INFO:colcon.colcon_core.plugin_system:Skipping extension 'colcon_core.shell.bat': Not used on non-Windows systems
[0.206s] INFO:colcon.colcon_core.shell:Skip shell extension 'powershell' for command environment: Not usable outside of PowerShell
[0.206s] DEBUG:colcon.colcon_core.shell:Skip shell extension 'dsv' for command environment
[0.211s] DEBUG:colcon.colcon_core.event_handler.log_command:Invoking command in '/home/nimisha/work1/src/wheels/build/wheels': CMAKE_PREFIX_PATH=${CMAKE_PREFIX_PATH}:/opt/ros/humble /usr/bin/cmake /home/nimisha/work1/src/wheels -DCMAKE_INSTALL_PREFIX=/home/nimisha/work1/src/wheels/install/wheels
[0.970s] DEBUG:colcon.colcon_core.event_handler.log_command:Invoked command in '/home/nimisha/work1/src/wheels/build/wheels' returned '0': CMAKE_PREFIX_PATH=${CMAKE_PREFIX_PATH}:/opt/ros/humble /usr/bin/cmake /home/nimisha/work1/src/wheels -DCMAKE_INSTALL_PREFIX=/home/nimisha/work1/src/wheels/install/wheels
[0.971s] DEBUG:colcon.colcon_core.event_handler.log_command:Invoking command in '/home/nimisha/work1/src/wheels/build/wheels': CMAKE_PREFIX_PATH=${CMAKE_PREFIX_PATH}:/opt/ros/humble /usr/bin/cmake --build /home/nimisha/work1/src/wheels/build/wheels -- -j8 -l8
[1.001s] DEBUG:colcon.colcon_core.event_handler.log_command:Invoked command in '/home/nimisha/work1/src/wheels/build/wheels' returned '0': CMAKE_PREFIX_PATH=${CMAKE_PREFIX_PATH}:/opt/ros/humble /usr/bin/cmake --build /home/nimisha/work1/src/wheels/build/wheels -- -j8 -l8
[1.011s] DEBUG:colcon.colcon_core.event_handler.log_command:Invoking command in '/home/nimisha/work1/src/wheels/build/wheels': CMAKE_PREFIX_PATH=${CMAKE_PREFIX_PATH}:/opt/ros/humble /usr/bin/cmake --install /home/nimisha/work1/src/wheels/build/wheels
[1.020s] Level 1:colcon.colcon_core.environment:create_environment_scripts_only(wheels)
[1.020s] DEBUG:colcon.colcon_core.event_handler.log_command:Invoked command in '/home/nimisha/work1/src/wheels/build/wheels' returned '0': CMAKE_PREFIX_PATH=${CMAKE_PREFIX_PATH}:/opt/ros/humble /usr/bin/cmake --install /home/nimisha/work1/src/wheels/build/wheels
[1.021s] Level 1:colcon.colcon_core.environment:checking '/home/nimisha/work1/src/wheels/install/wheels' for CMake module files
[1.021s] Level 1:colcon.colcon_core.environment:checking '/home/nimisha/work1/src/wheels/install/wheels' for CMake config files
[1.021s] Level 1:colcon.colcon_core.shell:create_environment_hook('wheels', 'cmake_prefix_path')
[1.022s] INFO:colcon.colcon_core.shell:Creating environment hook '/home/nimisha/work1/src/wheels/install/wheels/share/wheels/hook/cmake_prefix_path.ps1'
[1.022s] INFO:colcon.colcon_core.shell:Creating environment descriptor '/home/nimisha/work1/src/wheels/install/wheels/share/wheels/hook/cmake_prefix_path.dsv'
[1.022s] INFO:colcon.colcon_core.shell:Creating environment hook '/home/nimisha/work1/src/wheels/install/wheels/share/wheels/hook/cmake_prefix_path.sh'
[1.023s] Level 1:colcon.colcon_core.environment:checking '/home/nimisha/work1/src/wheels/install/wheels/lib'
[1.023s] Level 1:colcon.colcon_core.environment:checking '/home/nimisha/work1/src/wheels/install/wheels/bin'
[1.023s] Level 1:colcon.colcon_core.environment:checking '/home/nimisha/work1/src/wheels/install/wheels/lib/pkgconfig/wheels.pc'
[1.023s] Level 1:colcon.colcon_core.environment:checking '/home/nimisha/work1/src/wheels/install/wheels/lib/python3.10/site-packages'
[1.023s] Level 1:colcon.colcon_core.environment:checking '/home/nimisha/work1/src/wheels/install/wheels/bin'
[1.024s] INFO:colcon.colcon_core.shell:Creating package script '/home/nimisha/work1/src/wheels/install/wheels/share/wheels/package.ps1'
[1.024s] INFO:colcon.colcon_core.shell:Creating package descriptor '/home/nimisha/work1/src/wheels/install/wheels/share/wheels/package.dsv'
[1.025s] INFO:colcon.colcon_core.shell:Creating package script '/home/nimisha/work1/src/wheels/install/wheels/share/wheels/package.sh'
[1.025s] INFO:colcon.colcon_core.shell:Creating package script '/home/nimisha/work1/src/wheels/install/wheels/share/wheels/package.bash'
[1.026s] INFO:colcon.colcon_core.shell:Creating package script '/home/nimisha/work1/src/wheels/install/wheels/share/wheels/package.zsh'
[1.026s] Level 1:colcon.colcon_core.environment:create_file_with_runtime_dependencies(/home/nimisha/work1/src/wheels/install/wheels/share/colcon-core/packages/wheels)
[1.027s] Level 1:colcon.colcon_core.environment:create_environment_scripts_only(wheels)
[1.027s] Level 1:colcon.colcon_core.environment:checking '/home/nimisha/work1/src/wheels/install/wheels' for CMake module files
[1.027s] Level 1:colcon.colcon_core.environment:checking '/home/nimisha/work1/src/wheels/install/wheels' for CMake config files
[1.027s] Level 1:colcon.colcon_core.shell:create_environment_hook('wheels', 'cmake_prefix_path')
[1.027s] INFO:colcon.colcon_core.shell:Creating environment hook '/home/nimisha/work1/src/wheels/install/wheels/share/wheels/hook/cmake_prefix_path.ps1'
[1.028s] INFO:colcon.colcon_core.shell:Creating environment descriptor '/home/nimisha/work1/src/wheels/install/wheels/share/wheels/hook/cmake_prefix_path.dsv'
[1.028s] INFO:colcon.colcon_core.shell:Creating environment hook '/home/nimisha/work1/src/wheels/install/wheels/share/wheels/hook/cmake_prefix_path.sh'
[1.028s] Level 1:colcon.colcon_core.environment:checking '/home/nimisha/work1/src/wheels/install/wheels/lib'
[1.028s] Level 1:colcon.colcon_core.environment:checking '/home/nimisha/work1/src/wheels/install/wheels/bin'
[1.028s] Level 1:colcon.colcon_core.environment:checking '/home/nimisha/work1/src/wheels/install/wheels/lib/pkgconfig/wheels.pc'
[1.029s] Level 1:colcon.colcon_core.environment:checking '/home/nimisha/work1/src/wheels/install/wheels/lib/python3.10/site-packages'
[1.029s] Level 1:colcon.colcon_core.environment:checking '/home/nimisha/work1/src/wheels/install/wheels/bin'
[1.029s] INFO:colcon.colcon_core.shell:Creating package script '/home/nimisha/work1/src/wheels/install/wheels/share/wheels/package.ps1'
[1.029s] INFO:colcon.colcon_core.shell:Creating package descriptor '/home/nimisha/work1/src/wheels/install/wheels/share/wheels/package.dsv'
[1.030s] INFO:colcon.colcon_core.shell:Creating package script '/home/nimisha/work1/src/wheels/install/wheels/share/wheels/package.sh'
[1.030s] INFO:colcon.colcon_core.shell:Creating package script '/home/nimisha/work1/src/wheels/install/wheels/share/wheels/package.bash'
[1.030s] INFO:colcon.colcon_core.shell:Creating package script '/home/nimisha/work1/src/wheels/install/wheels/share/wheels/package.zsh'
[1.030s] Level 1:colcon.colcon_core.environment:create_file_with_runtime_dependencies(/home/nimisha/work1/src/wheels/install/wheels/share/colcon-core/packages/wheels)
[1.030s] DEBUG:colcon.colcon_parallel_executor.executor.parallel:closing loop
[1.031s] DEBUG:colcon.colcon_parallel_executor.executor.parallel:loop closed
[1.031s] DEBUG:colcon.colcon_parallel_executor.executor.parallel:run_until_complete finished with '0'
[1.031s] DEBUG:colcon.colcon_core.event_reactor:joining thread
[1.034s] INFO:colcon.colcon_core.plugin_system:Skipping extension 'colcon_notification.desktop_notification.terminal_notifier': Not used on non-Darwin systems
[1.034s] INFO:colcon.colcon_core.plugin_system:Skipping extension 'colcon_notification.desktop_notification.win32': Not used on non-Windows systems
[1.034s] INFO:colcon.colcon_notification.desktop_notification:Sending desktop notification using 'notify2'
[1.042s] DEBUG:colcon.colcon_core.event_reactor:joined thread
[1.042s] INFO:colcon.colcon_core.shell:Creating prefix script '/home/nimisha/work1/src/wheels/install/local_setup.ps1'
[1.043s] INFO:colcon.colcon_core.shell:Creating prefix util module '/home/nimisha/work1/src/wheels/install/_local_setup_util_ps1.py'
[1.045s] INFO:colcon.colcon_core.shell:Creating prefix chain script '/home/nimisha/work1/src/wheels/install/setup.ps1'
[1.047s] INFO:colcon.colcon_core.shell:Creating prefix script '/home/nimisha/work1/src/wheels/install/local_setup.sh'
[1.047s] INFO:colcon.colcon_core.shell:Creating prefix util module '/home/nimisha/work1/src/wheels/install/_local_setup_util_sh.py'
[1.048s] INFO:colcon.colcon_core.shell:Creating prefix chain script '/home/nimisha/work1/src/wheels/install/setup.sh'
[1.049s] INFO:colcon.colcon_core.shell:Creating prefix script '/home/nimisha/work1/src/wheels/install/local_setup.bash'
[1.049s] INFO:colcon.colcon_core.shell:Creating prefix chain script '/home/nimisha/work1/src/wheels/install/setup.bash'
[1.050s] INFO:colcon.colcon_core.shell:Creating prefix script '/home/nimisha/work1/src/wheels/install/local_setup.zsh'
[1.050s] INFO:colcon.colcon_core.shell:Creating prefix chain script '/home/nimisha/work1/src/wheels/install/setup.zsh'
