[0.008s] Invoking command in '/home/nimisha/work1/build/lidar': CMAKE_PREFIX_PATH=${CMAKE_PREFIX_PATH}:/opt/ros/humble /usr/bin/cmake /home/nimisha/work1/src/lidar -DCMAKE_INSTALL_PREFIX=/home/nimisha/work1/install/lidar
[0.064s] -- The C compiler identification is GNU 11.4.0
[0.102s] -- The CXX compiler identification is GNU 11.4.0
[0.109s] -- Detecting C compiler ABI info
[0.152s] -- Detecting C compiler ABI info - done
[0.157s] -- Check for working C compiler: /usr/bin/cc - skipped
[0.157s] -- Detecting C compile features
[0.157s] -- Detecting C compile features - done
[0.159s] -- Detecting CXX compiler ABI info
[0.208s] -- Detecting CXX compiler ABI info - done
[0.217s] -- Check for working CXX compiler: /usr/bin/c++ - skipped
[0.217s] -- Detecting CXX compile features
[0.218s] -- Detecting CXX compile features - done
[0.220s] -- Found ament_cmake: 1.3.14 (/opt/ros/humble/share/ament_cmake/cmake)
[0.320s] -- Found Python3: /usr/bin/python3 (found version "3.10.12") found components: Interpreter 
[0.376s] -- Found rclcpp: 16.0.19 (/opt/ros/humble/share/rclcpp/cmake)
[0.400s] -- Found rosidl_generator_c: 3.1.8 (/opt/ros/humble/share/rosidl_generator_c/cmake)
[0.402s] -- Found rosidl_adapter: 3.1.8 (/opt/ros/humble/share/rosidl_adapter/cmake)
[0.407s] -- Found rosidl_generator_cpp: 3.1.8 (/opt/ros/humble/share/rosidl_generator_cpp/cmake)
[0.414s] -- Using all available rosidl_typesupport_c: rosidl_typesupport_fastrtps_c;rosidl_typesupport_introspection_c
[0.425s] -- Using all available rosidl_typesupport_cpp: rosidl_typesupport_fastrtps_cpp;rosidl_typesupport_introspection_cpp
[0.450s] -- Found rmw_implementation_cmake: 6.1.2 (/opt/ros/humble/share/rmw_implementation_cmake/cmake)
[0.452s] -- Found rmw_fastrtps_cpp: 6.2.10 (/opt/ros/humble/share/rmw_fastrtps_cpp/cmake)
[0.502s] -- Found OpenSSL: /usr/lib/x86_64-linux-gnu/libcrypto.so (found version "3.0.2")  
[0.524s] -- Found FastRTPS: /opt/ros/humble/include  
[0.559s] -- Using RMW implementation 'rmw_fastrtps_cpp' as default
[0.563s] -- Looking for pthread.h
[0.608s] -- Looking for pthread.h - found
[0.608s] -- Performing Test CMAKE_HAVE_LIBC_PTHREAD
[0.656s] -- Performing Test CMAKE_HAVE_LIBC_PTHREAD - Success
[0.657s] -- Found Threads: TRUE  
[0.688s] -- Found sensor_msgs: 4.9.1 (/opt/ros/humble/share/sensor_msgs/cmake)
[0.709s] -- Found cv_bridge: 3.2.1 (/opt/ros/humble/share/cv_bridge/cmake)
[0.716s] -- Found ament_lint_auto: 0.12.15 (/opt/ros/humble/share/ament_lint_auto/cmake)
[0.777s] -- Added test 'flake8' to check Python code syntax and style conventions
[0.778s] -- Added test 'lint_cmake' to check CMake code style
[0.778s] -- Added test 'pep257' to check Python code against some of the docstring style conventions in PEP 257
[0.779s] -- Added test 'xmllint' to check XML markup files
[0.780s] -- Configuring done
[0.782s] -- Generating done
[0.784s] -- Build files have been written to: /home/nimisha/work1/build/lidar
[0.795s] Invoked command in '/home/nimisha/work1/build/lidar' returned '0': CMAKE_PREFIX_PATH=${CMAKE_PREFIX_PATH}:/opt/ros/humble /usr/bin/cmake /home/nimisha/work1/src/lidar -DCMAKE_INSTALL_PREFIX=/home/nimisha/work1/install/lidar
[0.796s] Invoking command in '/home/nimisha/work1/build/lidar': CMAKE_PREFIX_PATH=${CMAKE_PREFIX_PATH}:/opt/ros/humble /usr/bin/cmake --build /home/nimisha/work1/build/lidar -- -j8 -l8
[0.821s] Invoked command in '/home/nimisha/work1/build/lidar' returned '0': CMAKE_PREFIX_PATH=${CMAKE_PREFIX_PATH}:/opt/ros/humble /usr/bin/cmake --build /home/nimisha/work1/build/lidar -- -j8 -l8
[0.822s] Invoking command in '/home/nimisha/work1/build/lidar': CMAKE_PREFIX_PATH=${CMAKE_PREFIX_PATH}:/opt/ros/humble /usr/bin/cmake --install /home/nimisha/work1/build/lidar
[0.828s] -- Install configuration: ""
[0.828s] -- Installing: /home/nimisha/work1/install/lidar/share/lidar/scripts
[0.828s] -- Installing: /home/nimisha/work1/install/lidar/share/lidar/scripts/lidar.py
[0.828s] -- Installing: /home/nimisha/work1/install/lidar/lib/lidar/lidar.py
[0.828s] -- Installing: /home/nimisha/work1/install/lidar/share/ament_index/resource_index/package_run_dependencies/lidar
[0.828s] -- Installing: /home/nimisha/work1/install/lidar/share/ament_index/resource_index/parent_prefix_path/lidar
[0.829s] -- Installing: /home/nimisha/work1/install/lidar/share/lidar/environment/ament_prefix_path.sh
[0.829s] -- Installing: /home/nimisha/work1/install/lidar/share/lidar/environment/ament_prefix_path.dsv
[0.829s] -- Installing: /home/nimisha/work1/install/lidar/share/lidar/environment/path.sh
[0.829s] -- Installing: /home/nimisha/work1/install/lidar/share/lidar/environment/path.dsv
[0.829s] -- Installing: /home/nimisha/work1/install/lidar/share/lidar/local_setup.bash
[0.829s] -- Installing: /home/nimisha/work1/install/lidar/share/lidar/local_setup.sh
[0.829s] -- Installing: /home/nimisha/work1/install/lidar/share/lidar/local_setup.zsh
[0.829s] -- Installing: /home/nimisha/work1/install/lidar/share/lidar/local_setup.dsv
[0.829s] -- Installing: /home/nimisha/work1/install/lidar/share/lidar/package.dsv
[0.829s] -- Installing: /home/nimisha/work1/install/lidar/share/ament_index/resource_index/packages/lidar
[0.829s] -- Installing: /home/nimisha/work1/install/lidar/share/lidar/cmake/lidarConfig.cmake
[0.829s] -- Installing: /home/nimisha/work1/install/lidar/share/lidar/cmake/lidarConfig-version.cmake
[0.829s] -- Installing: /home/nimisha/work1/install/lidar/share/lidar/package.xml
[0.833s] Invoked command in '/home/nimisha/work1/build/lidar' returned '0': CMAKE_PREFIX_PATH=${CMAKE_PREFIX_PATH}:/opt/ros/humble /usr/bin/cmake --install /home/nimisha/work1/build/lidar
