[0.006s] Invoking command in '/home/nimisha/work1/build/lidar': CMAKE_PREFIX_PATH=${CMAKE_PREFIX_PATH}:/opt/ros/humble /usr/bin/cmake /home/nimisha/work1/src/lidar -DCMAKE_INSTALL_PREFIX=/home/nimisha/work1/install/lidar
[0.118s] -- The C compiler identification is GNU 11.4.0
[0.195s] -- The CXX compiler identification is GNU 11.4.0
[0.200s] -- Detecting C compiler ABI info
[0.245s] -- Detecting C compiler ABI info - done
[0.251s] -- Check for working C compiler: /usr/bin/cc - skipped
[0.252s] -- Detecting C compile features
[0.252s] -- Detecting C compile features - done
[0.256s] -- Detecting CXX compiler ABI info
[0.313s] -- Detecting CXX compiler ABI info - done
[0.317s] -- Check for working CXX compiler: /usr/bin/c++ - skipped
[0.318s] -- Detecting CXX compile features
[0.318s] -- Detecting CXX compile features - done
[0.321s] -- Found ament_cmake: 1.3.14 (/opt/ros/humble/share/ament_cmake/cmake)
[0.422s] -- Found Python3: /usr/bin/python3 (found version "3.10.12") found components: Interpreter 
[0.475s] -- Found rclcpp: 16.0.19 (/opt/ros/humble/share/rclcpp/cmake)
[0.497s] -- Found rosidl_generator_c: 3.1.8 (/opt/ros/humble/share/rosidl_generator_c/cmake)
[0.499s] -- Found rosidl_adapter: 3.1.8 (/opt/ros/humble/share/rosidl_adapter/cmake)
[0.504s] -- Found rosidl_generator_cpp: 3.1.8 (/opt/ros/humble/share/rosidl_generator_cpp/cmake)
[0.511s] -- Using all available rosidl_typesupport_c: rosidl_typesupport_fastrtps_c;rosidl_typesupport_introspection_c
[0.520s] -- Using all available rosidl_typesupport_cpp: rosidl_typesupport_fastrtps_cpp;rosidl_typesupport_introspection_cpp
[0.545s] -- Found rmw_implementation_cmake: 6.1.2 (/opt/ros/humble/share/rmw_implementation_cmake/cmake)
[0.546s] -- Found rmw_fastrtps_cpp: 6.2.10 (/opt/ros/humble/share/rmw_fastrtps_cpp/cmake)
[0.595s] -- Found OpenSSL: /usr/lib/x86_64-linux-gnu/libcrypto.so (found version "3.0.2")  
[0.611s] -- Found FastRTPS: /opt/ros/humble/include  
[0.636s] -- Using RMW implementation 'rmw_fastrtps_cpp' as default
[0.640s] -- Looking for pthread.h
[0.711s] -- Looking for pthread.h - found
[0.712s] -- Performing Test CMAKE_HAVE_LIBC_PTHREAD
[0.781s] -- Performing Test CMAKE_HAVE_LIBC_PTHREAD - Success
[0.782s] -- Found Threads: TRUE  
[0.816s] -- Found sensor_msgs: 4.9.1 (/opt/ros/humble/share/sensor_msgs/cmake)
[0.834s] -- Found cv_bridge: 3.2.1 (/opt/ros/humble/share/cv_bridge/cmake)
[0.841s] -- Found ament_lint_auto: 0.12.15 (/opt/ros/humble/share/ament_lint_auto/cmake)
[0.884s] -- Added test 'flake8' to check Python code syntax and style conventions
[0.885s] -- Added test 'lint_cmake' to check CMake code style
[0.885s] -- Added test 'pep257' to check Python code against some of the docstring style conventions in PEP 257
[0.885s] -- Added test 'xmllint' to check XML markup files
[0.886s] -- Configuring done
[0.888s] -- Generating done
[0.890s] -- Build files have been written to: /home/nimisha/work1/build/lidar
[0.897s] Invoked command in '/home/nimisha/work1/build/lidar' returned '0': CMAKE_PREFIX_PATH=${CMAKE_PREFIX_PATH}:/opt/ros/humble /usr/bin/cmake /home/nimisha/work1/src/lidar -DCMAKE_INSTALL_PREFIX=/home/nimisha/work1/install/lidar
[0.897s] Invoking command in '/home/nimisha/work1/build/lidar': CMAKE_PREFIX_PATH=${CMAKE_PREFIX_PATH}:/opt/ros/humble /usr/bin/cmake --build /home/nimisha/work1/build/lidar -- -j8 -l8
[0.929s] Invoked command in '/home/nimisha/work1/build/lidar' returned '0': CMAKE_PREFIX_PATH=${CMAKE_PREFIX_PATH}:/opt/ros/humble /usr/bin/cmake --build /home/nimisha/work1/build/lidar -- -j8 -l8
[0.938s] Invoking command in '/home/nimisha/work1/build/lidar': CMAKE_PREFIX_PATH=${CMAKE_PREFIX_PATH}:/opt/ros/humble /usr/bin/cmake --install /home/nimisha/work1/build/lidar
[0.944s] -- Install configuration: ""
[0.944s] -- Installing: /home/nimisha/work1/install/lidar/share/lidar/scripts
[0.944s] -- Installing: /home/nimisha/work1/install/lidar/share/lidar/scripts/lidar.py
[0.944s] -- Installing: /home/nimisha/work1/install/lidar/lib/lidar/lidar.py
[0.944s] -- Installing: /home/nimisha/work1/install/lidar/share/ament_index/resource_index/package_run_dependencies/lidar
[0.944s] -- Installing: /home/nimisha/work1/install/lidar/share/ament_index/resource_index/parent_prefix_path/lidar
[0.944s] -- Installing: /home/nimisha/work1/install/lidar/share/lidar/environment/ament_prefix_path.sh
[0.944s] -- Installing: /home/nimisha/work1/install/lidar/share/lidar/environment/ament_prefix_path.dsv
[0.944s] -- Installing: /home/nimisha/work1/install/lidar/share/lidar/environment/path.sh
[0.944s] -- Installing: /home/nimisha/work1/install/lidar/share/lidar/environment/path.dsv
[0.944s] -- Installing: /home/nimisha/work1/install/lidar/share/lidar/local_setup.bash
[0.944s] -- Installing: /home/nimisha/work1/install/lidar/share/lidar/local_setup.sh
[0.944s] -- Installing: /home/nimisha/work1/install/lidar/share/lidar/local_setup.zsh
[0.944s] -- Installing: /home/nimisha/work1/install/lidar/share/lidar/local_setup.dsv
[0.945s] -- Installing: /home/nimisha/work1/install/lidar/share/lidar/package.dsv
[0.945s] -- Installing: /home/nimisha/work1/install/lidar/share/ament_index/resource_index/packages/lidar
[0.945s] -- Installing: /home/nimisha/work1/install/lidar/share/lidar/cmake/lidarConfig.cmake
[0.945s] -- Installing: /home/nimisha/work1/install/lidar/share/lidar/cmake/lidarConfig-version.cmake
[0.945s] -- Installing: /home/nimisha/work1/install/lidar/share/lidar/package.xml
[0.946s] Invoked command in '/home/nimisha/work1/build/lidar' returned '0': CMAKE_PREFIX_PATH=${CMAKE_PREFIX_PATH}:/opt/ros/humble /usr/bin/cmake --install /home/nimisha/work1/build/lidar
