-- Install configuration: ""
-- Up-to-date: /home/nimisha/work1/install/arms/share/arms/scripts
-- Up-to-date: /home/nimisha/work1/install/arms/share/arms/scripts/arms.py
-- Up-to-date: /home/nimisha/work1/install/arms/share/arms/scripts/log
-- Up-to-date: /home/nimisha/work1/install/arms/share/arms/scripts/log/latest_build
-- Up-to-date: /home/nimisha/work1/install/arms/share/arms/scripts/log/COLCON_IGNORE
-- Up-to-date: /home/nimisha/work1/install/arms/share/arms/scripts/log/build_2026-06-27_14-43-37
-- Up-to-date: /home/nimisha/work1/install/arms/share/arms/scripts/log/build_2026-06-27_14-43-37/logger_all.log
-- Up-to-date: /home/nimisha/work1/install/arms/share/arms/scripts/log/build_2026-06-27_14-43-37/events.log
-- Up-to-date: /home/nimisha/work1/install/arms/share/arms/scripts/log/latest
-- Up-to-date: /home/nimisha/work1/install/arms/share/arms/scripts/install
-- Up-to-date: /home/nimisha/work1/install/arms/share/arms/scripts/install/local_setup.zsh
-- Up-to-date: /home/nimisha/work1/install/arms/share/arms/scripts/install/.colcon_install_layout
-- Up-to-date: /home/nimisha/work1/install/arms/share/arms/scripts/install/_local_setup_util_ps1.py
-- Up-to-date: /home/nimisha/work1/install/arms/share/arms/scripts/install/setup.ps1
-- Up-to-date: /home/nimisha/work1/install/arms/share/arms/scripts/install/setup.bash
-- Up-to-date: /home/nimisha/work1/install/arms/share/arms/scripts/install/local_setup.sh
-- Up-to-date: /home/nimisha/work1/install/arms/share/arms/scripts/install/COLCON_IGNORE
-- Up-to-date: /home/nimisha/work1/install/arms/share/arms/scripts/install/setup.zsh
-- Up-to-date: /home/nimisha/work1/install/arms/share/arms/scripts/install/_local_setup_util_sh.py
-- Up-to-date: /home/nimisha/work1/install/arms/share/arms/scripts/install/local_setup.ps1
-- Up-to-date: /home/nimisha/work1/install/arms/share/arms/scripts/install/local_setup.bash
-- Up-to-date: /home/nimisha/work1/install/arms/share/arms/scripts/install/setup.sh
-- Up-to-date: /home/nimisha/work1/install/arms/share/arms/scripts/build
-- Up-to-date: /home/nimisha/work1/install/arms/share/arms/scripts/build/COLCON_IGNORE
-- Up-to-date: /home/nimisha/work1/install/arms/share/arms/scripts/build/.built_by
-- Up-to-date: /home/nimisha/work1/install/arms/lib/arms/arms.py
-- Up-to-date: /home/nimisha/work1/install/arms/share/ament_index/resource_index/package_run_dependencies/arms
-- Up-to-date: /home/nimisha/work1/install/arms/share/ament_index/resource_index/parent_prefix_path/arms
-- Up-to-date: /home/nimisha/work1/install/arms/share/arms/environment/ament_prefix_path.sh
-- Up-to-date: /home/nimisha/work1/install/arms/share/arms/environment/ament_prefix_path.dsv
-- Up-to-date: /home/nimisha/work1/install/arms/share/arms/environment/path.sh
-- Up-to-date: /home/nimisha/work1/install/arms/share/arms/environment/path.dsv
-- Up-to-date: /home/nimisha/work1/install/arms/share/arms/local_setup.bash
-- Up-to-date: /home/nimisha/work1/install/arms/share/arms/local_setup.sh
-- Up-to-date: /home/nimisha/work1/install/arms/share/arms/local_setup.zsh
-- Up-to-date: /home/nimisha/work1/install/arms/share/arms/local_setup.dsv
-- Up-to-date: /home/nimisha/work1/install/arms/share/arms/package.dsv
-- Up-to-date: /home/nimisha/work1/install/arms/share/ament_index/resource_index/packages/arms
-- Up-to-date: /home/nimisha/work1/install/arms/share/arms/cmake/armsConfig.cmake
-- Up-to-date: /home/nimisha/work1/install/arms/share/arms/cmake/armsConfig-version.cmake
-- Up-to-date: /home/nimisha/work1/install/arms/share/arms/package.xml
