[0.006s] Invoking command in '/home/nimisha/work1/build/arms': CMAKE_PREFIX_PATH=/opt/ros/humble /usr/bin/cmake --build /home/nimisha/work1/build/arms -- -j8 -l8
[0.034s] Invoked command in '/home/nimisha/work1/build/arms' returned '0': CMAKE_PREFIX_PATH=/opt/ros/humble /usr/bin/cmake --build /home/nimisha/work1/build/arms -- -j8 -l8
[0.042s] Invoking command in '/home/nimisha/work1/build/arms': CMAKE_PREFIX_PATH=/opt/ros/humble /usr/bin/cmake --install /home/nimisha/work1/build/arms
[0.047s] -- Install configuration: ""
[0.047s] -- Up-to-date: /home/nimisha/work1/install/arms/share/arms/scripts
[0.047s] -- Up-to-date: /home/nimisha/work1/install/arms/share/arms/scripts/arms.py
[0.047s] -- Up-to-date: /home/nimisha/work1/install/arms/share/arms/scripts/log
[0.047s] -- Up-to-date: /home/nimisha/work1/install/arms/share/arms/scripts/log/latest_build
[0.047s] -- Up-to-date: /home/nimisha/work1/install/arms/share/arms/scripts/log/COLCON_IGNORE
[0.047s] -- Up-to-date: /home/nimisha/work1/install/arms/share/arms/scripts/log/build_2026-06-27_14-43-37
[0.047s] -- Up-to-date: /home/nimisha/work1/install/arms/share/arms/scripts/log/build_2026-06-27_14-43-37/logger_all.log
[0.047s] -- Up-to-date: /home/nimisha/work1/install/arms/share/arms/scripts/log/build_2026-06-27_14-43-37/events.log
[0.047s] -- Up-to-date: /home/nimisha/work1/install/arms/share/arms/scripts/log/latest
[0.047s] -- Up-to-date: /home/nimisha/work1/install/arms/share/arms/scripts/install
[0.047s] -- Up-to-date: /home/nimisha/work1/install/arms/share/arms/scripts/install/local_setup.zsh
[0.047s] -- Up-to-date: /home/nimisha/work1/install/arms/share/arms/scripts/install/.colcon_install_layout
[0.047s] -- Up-to-date: /home/nimisha/work1/install/arms/share/arms/scripts/install/_local_setup_util_ps1.py
[0.047s] -- Up-to-date: /home/nimisha/work1/install/arms/share/arms/scripts/install/setup.ps1
[0.047s] -- Up-to-date: /home/nimisha/work1/install/arms/share/arms/scripts/install/setup.bash
[0.047s] -- Up-to-date: /home/nimisha/work1/install/arms/share/arms/scripts/install/local_setup.sh
[0.047s] -- Up-to-date: /home/nimisha/work1/install/arms/share/arms/scripts/install/COLCON_IGNORE
[0.047s] -- Up-to-date: /home/nimisha/work1/install/arms/share/arms/scripts/install/setup.zsh
[0.047s] -- Up-to-date: /home/nimisha/work1/install/arms/share/arms/scripts/install/_local_setup_util_sh.py
[0.048s] -- Up-to-date: /home/nimisha/work1/install/arms/share/arms/scripts/install/local_setup.ps1
[0.048s] -- Up-to-date: /home/nimisha/work1/install/arms/share/arms/scripts/install/local_setup.bash
[0.048s] -- Up-to-date: /home/nimisha/work1/install/arms/share/arms/scripts/install/setup.sh
[0.048s] -- Up-to-date: /home/nimisha/work1/install/arms/share/arms/scripts/build
[0.048s] -- Up-to-date: /home/nimisha/work1/install/arms/share/arms/scripts/build/COLCON_IGNORE
[0.048s] -- Up-to-date: /home/nimisha/work1/install/arms/share/arms/scripts/build/.built_by
[0.048s] -- Up-to-date: /home/nimisha/work1/install/arms/lib/arms/arms.py
[0.048s] -- Up-to-date: /home/nimisha/work1/install/arms/share/ament_index/resource_index/package_run_dependencies/arms
[0.048s] -- Up-to-date: /home/nimisha/work1/install/arms/share/ament_index/resource_index/parent_prefix_path/arms
[0.048s] -- Up-to-date: /home/nimisha/work1/install/arms/share/arms/environment/ament_prefix_path.sh
[0.048s] -- Up-to-date: /home/nimisha/work1/install/arms/share/arms/environment/ament_prefix_path.dsv
[0.048s] -- Up-to-date: /home/nimisha/work1/install/arms/share/arms/environment/path.sh
[0.048s] -- Up-to-date: /home/nimisha/work1/install/arms/share/arms/environment/path.dsv
[0.048s] -- Up-to-date: /home/nimisha/work1/install/arms/share/arms/local_setup.bash
[0.048s] -- Up-to-date: /home/nimisha/work1/install/arms/share/arms/local_setup.sh
[0.048s] -- Up-to-date: /home/nimisha/work1/install/arms/share/arms/local_setup.zsh
[0.048s] -- Up-to-date: /home/nimisha/work1/install/arms/share/arms/local_setup.dsv
[0.048s] -- Up-to-date: /home/nimisha/work1/install/arms/share/arms/package.dsv
[0.048s] -- Up-to-date: /home/nimisha/work1/install/arms/share/ament_index/resource_index/packages/arms
[0.048s] -- Up-to-date: /home/nimisha/work1/install/arms/share/arms/cmake/armsConfig.cmake
[0.048s] -- Up-to-date: /home/nimisha/work1/install/arms/share/arms/cmake/armsConfig-version.cmake
[0.048s] -- Up-to-date: /home/nimisha/work1/install/arms/share/arms/package.xml
[0.049s] Invoked command in '/home/nimisha/work1/build/arms' returned '0': CMAKE_PREFIX_PATH=/opt/ros/humble /usr/bin/cmake --install /home/nimisha/work1/build/arms
