[0.060s] DEBUG:colcon:Command line arguments: ['/usr/bin/colcon', 'build', '--packages-select', 'arms']
[0.060s] DEBUG:colcon:Parsed command line arguments: Namespace(log_base=None, log_level=None, verb_name='build', build_base='build', install_base='install', merge_install=False, symlink_install=False, test_result_base=None, continue_on_error=False, executor='parallel', parallel_workers=8, event_handlers=None, ignore_user_meta=False, metas=['./colcon.meta'], base_paths=['.'], packages_ignore=None, packages_ignore_regex=None, paths=None, packages_up_to=None, packages_up_to_regex=None, packages_above=None, packages_above_and_dependencies=None, packages_above_depth=None, packages_select_by_dep=None, packages_skip_by_dep=None, packages_skip_up_to=None, packages_select_build_failed=False, packages_skip_build_finished=False, packages_select_test_failures=False, packages_skip_test_passed=False, packages_select=['arms'], packages_skip=None, packages_select_regex=None, packages_skip_regex=None, packages_start=None, packages_end=None, allow_overriding=[], cmake_args=None, cmake_target=None, cmake_target_skip_unavailable=False, cmake_clean_cache=False, cmake_clean_first=False, cmake_force_configure=False, ament_cmake_args=None, catkin_cmake_args=None, catkin_skip_building_tests=False, verb_parser=<colcon_defaults.argument_parser.defaults.DefaultArgumentsDecorator object at 0x734b6063b1f0>, verb_extension=<colcon_core.verb.build.BuildVerb object at 0x734b6063ada0>, main=<bound method BuildVerb.main of <colcon_core.verb.build.BuildVerb object at 0x734b6063ada0>>)
[0.150s] Level 1:colcon.colcon_core.package_discovery:discover_packages(colcon_meta) check parameters
[0.150s] Level 1:colcon.colcon_core.package_discovery:discover_packages(recursive) check parameters
[0.150s] Level 1:colcon.colcon_core.package_discovery:discover_packages(ignore) check parameters
[0.150s] Level 1:colcon.colcon_core.package_discovery:discover_packages(path) check parameters
[0.150s] Level 1:colcon.colcon_core.package_discovery:discover_packages(colcon_meta) discover
[0.150s] Level 1:colcon.colcon_core.package_discovery:discover_packages(recursive) discover
[0.150s] INFO:colcon.colcon_core.package_discovery:Crawling recursively for packages in '/home/nimisha/work1'
[0.150s] Level 1:colcon.colcon_core.package_identification:_identify(.) by extensions ['ignore', 'ignore_ament_install']
[0.150s] Level 1:colcon.colcon_core.package_identification:_identify(.) by extension 'ignore'
[0.150s] Level 1:colcon.colcon_core.package_identification:_identify(.) by extension 'ignore_ament_install'
[0.150s] Level 1:colcon.colcon_core.package_identification:_identify(.) by extensions ['colcon_pkg']
[0.150s] Level 1:colcon.colcon_core.package_identification:_identify(.) by extension 'colcon_pkg'
[0.150s] Level 1:colcon.colcon_core.package_identification:_identify(.) by extensions ['colcon_meta']
[0.151s] Level 1:colcon.colcon_core.package_identification:_identify(.) by extension 'colcon_meta'
[0.151s] Level 1:colcon.colcon_core.package_identification:_identify(.) by extensions ['ros']
[0.151s] Level 1:colcon.colcon_core.package_identification:_identify(.) by extension 'ros'
[0.157s] Level 1:colcon.colcon_core.package_identification:_identify(.) by extensions ['cmake', 'python']
[0.157s] Level 1:colcon.colcon_core.package_identification:_identify(.) by extension 'cmake'
[0.157s] Level 1:colcon.colcon_core.package_identification:_identify(.) by extension 'python'
[0.157s] Level 1:colcon.colcon_core.package_identification:_identify(.) by extensions ['python_setup_py']
[0.157s] Level 1:colcon.colcon_core.package_identification:_identify(.) by extension 'python_setup_py'
[0.158s] Level 1:colcon.colcon_core.package_identification:_identify(build) by extensions ['ignore', 'ignore_ament_install']
[0.158s] Level 1:colcon.colcon_core.package_identification:_identify(build) by extension 'ignore'
[0.158s] Level 1:colcon.colcon_core.package_identification:_identify(build) ignored
[0.158s] Level 1:colcon.colcon_core.package_identification:_identify(install) by extensions ['ignore', 'ignore_ament_install']
[0.158s] Level 1:colcon.colcon_core.package_identification:_identify(install) by extension 'ignore'
[0.158s] Level 1:colcon.colcon_core.package_identification:_identify(install) ignored
[0.158s] Level 1:colcon.colcon_core.package_identification:_identify(log) by extensions ['ignore', 'ignore_ament_install']
[0.158s] Level 1:colcon.colcon_core.package_identification:_identify(log) by extension 'ignore'
[0.158s] Level 1:colcon.colcon_core.package_identification:_identify(log) ignored
[0.158s] Level 1:colcon.colcon_core.package_identification:_identify(src) by extensions ['ignore', 'ignore_ament_install']
[0.158s] Level 1:colcon.colcon_core.package_identification:_identify(src) by extension 'ignore'
[0.158s] Level 1:colcon.colcon_core.package_identification:_identify(src) by extension 'ignore_ament_install'
[0.158s] Level 1:colcon.colcon_core.package_identification:_identify(src) by extensions ['colcon_pkg']
[0.158s] Level 1:colcon.colcon_core.package_identification:_identify(src) by extension 'colcon_pkg'
[0.158s] Level 1:colcon.colcon_core.package_identification:_identify(src) by extensions ['colcon_meta']
[0.158s] Level 1:colcon.colcon_core.package_identification:_identify(src) by extension 'colcon_meta'
[0.158s] Level 1:colcon.colcon_core.package_identification:_identify(src) by extensions ['ros']
[0.158s] Level 1:colcon.colcon_core.package_identification:_identify(src) by extension 'ros'
[0.158s] Level 1:colcon.colcon_core.package_identification:_identify(src) by extensions ['cmake', 'python']
[0.158s] Level 1:colcon.colcon_core.package_identification:_identify(src) by extension 'cmake'
[0.158s] Level 1:colcon.colcon_core.package_identification:_identify(src) by extension 'python'
[0.158s] Level 1:colcon.colcon_core.package_identification:_identify(src) by extensions ['python_setup_py']
[0.158s] Level 1:colcon.colcon_core.package_identification:_identify(src) by extension 'python_setup_py'
[0.158s] Level 1:colcon.colcon_core.package_identification:_identify(src/arms) by extensions ['ignore', 'ignore_ament_install']
[0.158s] Level 1:colcon.colcon_core.package_identification:_identify(src/arms) by extension 'ignore'
[0.158s] Level 1:colcon.colcon_core.package_identification:_identify(src/arms) by extension 'ignore_ament_install'
[0.158s] Level 1:colcon.colcon_core.package_identification:_identify(src/arms) by extensions ['colcon_pkg']
[0.158s] Level 1:colcon.colcon_core.package_identification:_identify(src/arms) by extension 'colcon_pkg'
[0.158s] Level 1:colcon.colcon_core.package_identification:_identify(src/arms) by extensions ['colcon_meta']
[0.158s] Level 1:colcon.colcon_core.package_identification:_identify(src/arms) by extension 'colcon_meta'
[0.158s] Level 1:colcon.colcon_core.package_identification:_identify(src/arms) by extensions ['ros']
[0.158s] Level 1:colcon.colcon_core.package_identification:_identify(src/arms) by extension 'ros'
[0.160s] DEBUG:colcon.colcon_core.package_identification:Package 'src/arms' with type 'ros.ament_cmake' and name 'arms'
[0.160s] Level 1:colcon.colcon_core.package_identification:_identify(src/lidar) by extensions ['ignore', 'ignore_ament_install']
[0.160s] Level 1:colcon.colcon_core.package_identification:_identify(src/lidar) by extension 'ignore'
[0.160s] Level 1:colcon.colcon_core.package_identification:_identify(src/lidar) by extension 'ignore_ament_install'
[0.160s] Level 1:colcon.colcon_core.package_identification:_identify(src/lidar) by extensions ['colcon_pkg']
[0.160s] Level 1:colcon.colcon_core.package_identification:_identify(src/lidar) by extension 'colcon_pkg'
[0.160s] Level 1:colcon.colcon_core.package_identification:_identify(src/lidar) by extensions ['colcon_meta']
[0.160s] Level 1:colcon.colcon_core.package_identification:_identify(src/lidar) by extension 'colcon_meta'
[0.160s] Level 1:colcon.colcon_core.package_identification:_identify(src/lidar) by extensions ['ros']
[0.160s] Level 1:colcon.colcon_core.package_identification:_identify(src/lidar) by extension 'ros'
[0.161s] DEBUG:colcon.colcon_core.package_identification:Package 'src/lidar' with type 'ros.ament_cmake' and name 'lidar'
[0.161s] Level 1:colcon.colcon_core.package_identification:_identify(src/wheels) by extensions ['ignore', 'ignore_ament_install']
[0.161s] Level 1:colcon.colcon_core.package_identification:_identify(src/wheels) by extension 'ignore'
[0.161s] Level 1:colcon.colcon_core.package_identification:_identify(src/wheels) by extension 'ignore_ament_install'
[0.161s] Level 1:colcon.colcon_core.package_identification:_identify(src/wheels) by extensions ['colcon_pkg']
[0.161s] Level 1:colcon.colcon_core.package_identification:_identify(src/wheels) by extension 'colcon_pkg'
[0.161s] Level 1:colcon.colcon_core.package_identification:_identify(src/wheels) by extensions ['colcon_meta']
[0.161s] Level 1:colcon.colcon_core.package_identification:_identify(src/wheels) by extension 'colcon_meta'
[0.161s] Level 1:colcon.colcon_core.package_identification:_identify(src/wheels) by extensions ['ros']
[0.161s] Level 1:colcon.colcon_core.package_identification:_identify(src/wheels) by extension 'ros'
[0.161s] DEBUG:colcon.colcon_core.package_identification:Package 'src/wheels' with type 'ros.ament_cmake' and name 'wheels'
[0.161s] Level 1:colcon.colcon_core.package_discovery:discover_packages(recursive) using defaults
[0.161s] Level 1:colcon.colcon_core.package_discovery:discover_packages(ignore) discover
[0.161s] Level 1:colcon.colcon_core.package_discovery:discover_packages(ignore) using defaults
[0.161s] Level 1:colcon.colcon_core.package_discovery:discover_packages(path) discover
[0.161s] Level 1:colcon.colcon_core.package_discovery:discover_packages(path) using defaults
[0.173s] INFO:colcon.colcon_core.package_selection:Skipping not selected package 'lidar' in 'src/lidar'
[0.173s] INFO:colcon.colcon_core.package_selection:Skipping not selected package 'wheels' in 'src/wheels'
[0.173s] Level 1:colcon.colcon_core.package_discovery:discover_packages(prefix_path) check parameters
[0.173s] Level 1:colcon.colcon_core.package_discovery:discover_packages(prefix_path) discover
[0.174s] DEBUG:colcon.colcon_installed_package_information.package_discovery:Found 273 installed packages in /opt/ros/humble
[0.182s] Level 1:colcon.colcon_core.package_discovery:discover_packages(prefix_path) using defaults
[0.204s] Level 5:colcon.colcon_core.verb:set package 'arms' build argument 'cmake_args' from command line to 'None'
[0.204s] Level 5:colcon.colcon_core.verb:set package 'arms' build argument 'cmake_target' from command line to 'None'
[0.204s] Level 5:colcon.colcon_core.verb:set package 'arms' build argument 'cmake_target_skip_unavailable' from command line to 'False'
[0.204s] Level 5:colcon.colcon_core.verb:set package 'arms' build argument 'cmake_clean_cache' from command line to 'False'
[0.204s] Level 5:colcon.colcon_core.verb:set package 'arms' build argument 'cmake_clean_first' from command line to 'False'
[0.204s] Level 5:colcon.colcon_core.verb:set package 'arms' build argument 'cmake_force_configure' from command line to 'False'
[0.204s] Level 5:colcon.colcon_core.verb:set package 'arms' build argument 'ament_cmake_args' from command line to 'None'
[0.204s] Level 5:colcon.colcon_core.verb:set package 'arms' build argument 'catkin_cmake_args' from command line to 'None'
[0.204s] Level 5:colcon.colcon_core.verb:set package 'arms' build argument 'catkin_skip_building_tests' from command line to 'False'
[0.204s] DEBUG:colcon.colcon_core.verb:Building package 'arms' with the following arguments: {'ament_cmake_args': None, 'build_base': '/home/nimisha/work1/build/arms', 'catkin_cmake_args': None, 'catkin_skip_building_tests': False, 'cmake_args': None, 'cmake_clean_cache': False, 'cmake_clean_first': False, 'cmake_force_configure': False, 'cmake_target': None, 'cmake_target_skip_unavailable': False, 'install_base': '/home/nimisha/work1/install/arms', 'merge_install': False, 'path': '/home/nimisha/work1/src/arms', 'symlink_install': False, 'test_result_base': None}
[0.204s] INFO:colcon.colcon_core.executor:Executing jobs using 'parallel' executor
[0.205s] DEBUG:colcon.colcon_parallel_executor.executor.parallel:run_until_complete
[0.205s] INFO:colcon.colcon_ros.task.ament_cmake.build:Building ROS package in '/home/nimisha/work1/src/arms' with build type 'ament_cmake'
[0.205s] INFO:colcon.colcon_cmake.task.cmake.build:Building CMake package in '/home/nimisha/work1/src/arms'
[0.206s] INFO:colcon.colcon_core.plugin_system:Skipping extension 'colcon_core.shell.bat': Not used on non-Windows systems
[0.206s] INFO:colcon.colcon_core.shell:Skip shell extension 'powershell' for command environment: Not usable outside of PowerShell
[0.206s] DEBUG:colcon.colcon_core.shell:Skip shell extension 'dsv' for command environment
[0.211s] DEBUG:colcon.colcon_core.event_handler.log_command:Invoking command in '/home/nimisha/work1/build/arms': CMAKE_PREFIX_PATH=/opt/ros/humble /usr/bin/cmake --build /home/nimisha/work1/build/arms -- -j8 -l8
[0.239s] DEBUG:colcon.colcon_core.event_handler.log_command:Invoked command in '/home/nimisha/work1/build/arms' returned '0': CMAKE_PREFIX_PATH=/opt/ros/humble /usr/bin/cmake --build /home/nimisha/work1/build/arms -- -j8 -l8
[0.247s] DEBUG:colcon.colcon_core.event_handler.log_command:Invoking command in '/home/nimisha/work1/build/arms': CMAKE_PREFIX_PATH=/opt/ros/humble /usr/bin/cmake --install /home/nimisha/work1/build/arms
[0.253s] Level 1:colcon.colcon_core.environment:create_environment_scripts_only(arms)
[0.254s] DEBUG:colcon.colcon_core.event_handler.log_command:Invoked command in '/home/nimisha/work1/build/arms' returned '0': CMAKE_PREFIX_PATH=/opt/ros/humble /usr/bin/cmake --install /home/nimisha/work1/build/arms
[0.255s] Level 1:colcon.colcon_core.environment:checking '/home/nimisha/work1/install/arms' for CMake module files
[0.255s] Level 1:colcon.colcon_core.environment:checking '/home/nimisha/work1/install/arms' for CMake config files
[0.255s] Level 1:colcon.colcon_core.shell:create_environment_hook('arms', 'cmake_prefix_path')
[0.255s] INFO:colcon.colcon_core.shell:Creating environment hook '/home/nimisha/work1/install/arms/share/arms/hook/cmake_prefix_path.ps1'
[0.256s] INFO:colcon.colcon_core.shell:Creating environment descriptor '/home/nimisha/work1/install/arms/share/arms/hook/cmake_prefix_path.dsv'
[0.256s] INFO:colcon.colcon_core.shell:Creating environment hook '/home/nimisha/work1/install/arms/share/arms/hook/cmake_prefix_path.sh'
[0.257s] Level 1:colcon.colcon_core.environment:checking '/home/nimisha/work1/install/arms/lib'
[0.257s] Level 1:colcon.colcon_core.environment:checking '/home/nimisha/work1/install/arms/bin'
[0.257s] Level 1:colcon.colcon_core.environment:checking '/home/nimisha/work1/install/arms/lib/pkgconfig/arms.pc'
[0.257s] Level 1:colcon.colcon_core.environment:checking '/home/nimisha/work1/install/arms/lib/python3.10/site-packages'
[0.257s] Level 1:colcon.colcon_core.environment:checking '/home/nimisha/work1/install/arms/bin'
[0.257s] INFO:colcon.colcon_core.shell:Creating package script '/home/nimisha/work1/install/arms/share/arms/package.ps1'
[0.258s] INFO:colcon.colcon_core.shell:Creating package descriptor '/home/nimisha/work1/install/arms/share/arms/package.dsv'
[0.258s] INFO:colcon.colcon_core.shell:Creating package script '/home/nimisha/work1/install/arms/share/arms/package.sh'
[0.259s] INFO:colcon.colcon_core.shell:Creating package script '/home/nimisha/work1/install/arms/share/arms/package.bash'
[0.259s] INFO:colcon.colcon_core.shell:Creating package script '/home/nimisha/work1/install/arms/share/arms/package.zsh'
[0.260s] Level 1:colcon.colcon_core.environment:create_file_with_runtime_dependencies(/home/nimisha/work1/install/arms/share/colcon-core/packages/arms)
[0.260s] Level 1:colcon.colcon_core.environment:create_environment_scripts_only(arms)
[0.260s] Level 1:colcon.colcon_core.environment:checking '/home/nimisha/work1/install/arms' for CMake module files
[0.261s] Level 1:colcon.colcon_core.environment:checking '/home/nimisha/work1/install/arms' for CMake config files
[0.261s] Level 1:colcon.colcon_core.shell:create_environment_hook('arms', 'cmake_prefix_path')
[0.261s] INFO:colcon.colcon_core.shell:Creating environment hook '/home/nimisha/work1/install/arms/share/arms/hook/cmake_prefix_path.ps1'
[0.261s] INFO:colcon.colcon_core.shell:Creating environment descriptor '/home/nimisha/work1/install/arms/share/arms/hook/cmake_prefix_path.dsv'
[0.261s] INFO:colcon.colcon_core.shell:Creating environment hook '/home/nimisha/work1/install/arms/share/arms/hook/cmake_prefix_path.sh'
[0.262s] Level 1:colcon.colcon_core.environment:checking '/home/nimisha/work1/install/arms/lib'
[0.262s] Level 1:colcon.colcon_core.environment:checking '/home/nimisha/work1/install/arms/bin'
[0.262s] Level 1:colcon.colcon_core.environment:checking '/home/nimisha/work1/install/arms/lib/pkgconfig/arms.pc'
[0.262s] Level 1:colcon.colcon_core.environment:checking '/home/nimisha/work1/install/arms/lib/python3.10/site-packages'
[0.262s] Level 1:colcon.colcon_core.environment:checking '/home/nimisha/work1/install/arms/bin'
[0.262s] INFO:colcon.colcon_core.shell:Creating package script '/home/nimisha/work1/install/arms/share/arms/package.ps1'
[0.263s] INFO:colcon.colcon_core.shell:Creating package descriptor '/home/nimisha/work1/install/arms/share/arms/package.dsv'
[0.263s] INFO:colcon.colcon_core.shell:Creating package script '/home/nimisha/work1/install/arms/share/arms/package.sh'
[0.263s] INFO:colcon.colcon_core.shell:Creating package script '/home/nimisha/work1/install/arms/share/arms/package.bash'
[0.263s] INFO:colcon.colcon_core.shell:Creating package script '/home/nimisha/work1/install/arms/share/arms/package.zsh'
[0.263s] Level 1:colcon.colcon_core.environment:create_file_with_runtime_dependencies(/home/nimisha/work1/install/arms/share/colcon-core/packages/arms)
[0.264s] DEBUG:colcon.colcon_parallel_executor.executor.parallel:closing loop
[0.264s] DEBUG:colcon.colcon_parallel_executor.executor.parallel:loop closed
[0.264s] DEBUG:colcon.colcon_parallel_executor.executor.parallel:run_until_complete finished with '0'
[0.264s] DEBUG:colcon.colcon_core.event_reactor:joining thread
[0.267s] INFO:colcon.colcon_core.plugin_system:Skipping extension 'colcon_notification.desktop_notification.terminal_notifier': Not used on non-Darwin systems
[0.267s] INFO:colcon.colcon_core.plugin_system:Skipping extension 'colcon_notification.desktop_notification.win32': Not used on non-Windows systems
[0.267s] INFO:colcon.colcon_notification.desktop_notification:Sending desktop notification using 'notify2'
[0.274s] DEBUG:colcon.colcon_core.event_reactor:joined thread
[0.274s] INFO:colcon.colcon_core.shell:Creating prefix script '/home/nimisha/work1/install/local_setup.ps1'
[0.275s] INFO:colcon.colcon_core.shell:Creating prefix util module '/home/nimisha/work1/install/_local_setup_util_ps1.py'
[0.276s] INFO:colcon.colcon_core.shell:Creating prefix chain script '/home/nimisha/work1/install/setup.ps1'
[0.277s] INFO:colcon.colcon_core.shell:Creating prefix script '/home/nimisha/work1/install/local_setup.sh'
[0.277s] INFO:colcon.colcon_core.shell:Creating prefix util module '/home/nimisha/work1/install/_local_setup_util_sh.py'
[0.277s] INFO:colcon.colcon_core.shell:Creating prefix chain script '/home/nimisha/work1/install/setup.sh'
[0.278s] INFO:colcon.colcon_core.shell:Creating prefix script '/home/nimisha/work1/install/local_setup.bash'
[0.278s] INFO:colcon.colcon_core.shell:Creating prefix chain script '/home/nimisha/work1/install/setup.bash'
[0.279s] INFO:colcon.colcon_core.shell:Creating prefix script '/home/nimisha/work1/install/local_setup.zsh'
[0.279s] INFO:colcon.colcon_core.shell:Creating prefix chain script '/home/nimisha/work1/install/setup.zsh'
