[0.010s] Invoking command in '/home/nimisha/work1/build/arms': CMAKE_PREFIX_PATH=${CMAKE_PREFIX_PATH}:/opt/ros/humble /usr/bin/cmake /home/nimisha/work1/src/arms -DCMAKE_INSTALL_PREFIX=/home/nimisha/work1/install/arms
[0.068s] -- The C compiler identification is GNU 11.4.0
[0.105s] -- The CXX compiler identification is GNU 11.4.0
[0.109s] -- Detecting C compiler ABI info
[0.154s] -- Detecting C compiler ABI info - done
[0.159s] -- Check for working C compiler: /usr/bin/cc - skipped
[0.159s] -- Detecting C compile features
[0.159s] -- Detecting C compile features - done
[0.161s] -- Detecting CXX compiler ABI info
[0.212s] -- Detecting CXX compiler ABI info - done
[0.221s] -- Check for working CXX compiler: /usr/bin/c++ - skipped
[0.221s] -- Detecting CXX compile features
[0.222s] -- Detecting CXX compile features - done
[0.224s] -- Found ament_cmake: 1.3.14 (/opt/ros/humble/share/ament_cmake/cmake)
[0.324s] -- Found Python3: /usr/bin/python3 (found version "3.10.12") found components: Interpreter 
[0.386s] -- Found rclcpp: 16.0.19 (/opt/ros/humble/share/rclcpp/cmake)
[0.421s] -- Found rosidl_generator_c: 3.1.8 (/opt/ros/humble/share/rosidl_generator_c/cmake)
[0.423s] -- Found rosidl_adapter: 3.1.8 (/opt/ros/humble/share/rosidl_adapter/cmake)
[0.429s] -- Found rosidl_generator_cpp: 3.1.8 (/opt/ros/humble/share/rosidl_generator_cpp/cmake)
[0.436s] -- Using all available rosidl_typesupport_c: rosidl_typesupport_fastrtps_c;rosidl_typesupport_introspection_c
[0.446s] -- Using all available rosidl_typesupport_cpp: rosidl_typesupport_fastrtps_cpp;rosidl_typesupport_introspection_cpp
[0.471s] -- Found rmw_implementation_cmake: 6.1.2 (/opt/ros/humble/share/rmw_implementation_cmake/cmake)
[0.472s] -- Found rmw_fastrtps_cpp: 6.2.10 (/opt/ros/humble/share/rmw_fastrtps_cpp/cmake)
[0.523s] -- Found OpenSSL: /usr/lib/x86_64-linux-gnu/libcrypto.so (found version "3.0.2")  
[0.540s] -- Found FastRTPS: /opt/ros/humble/include  
[0.565s] -- Using RMW implementation 'rmw_fastrtps_cpp' as default
[0.570s] -- Looking for pthread.h
[0.613s] -- Looking for pthread.h - found
[0.614s] -- Performing Test CMAKE_HAVE_LIBC_PTHREAD
[0.659s] -- Performing Test CMAKE_HAVE_LIBC_PTHREAD - Success
[0.660s] -- Found Threads: TRUE  
[0.692s] -- Found ament_lint_auto: 0.12.15 (/opt/ros/humble/share/ament_lint_auto/cmake)
[0.750s] -- Added test 'flake8' to check Python code syntax and style conventions
[0.751s] -- Added test 'lint_cmake' to check CMake code style
[0.751s] -- Added test 'pep257' to check Python code against some of the docstring style conventions in PEP 257
[0.754s] -- Added test 'xmllint' to check XML markup files
[0.755s] -- Configuring done
[0.758s] -- Generating done
[0.759s] -- Build files have been written to: /home/nimisha/work1/build/arms
[0.765s] Invoked command in '/home/nimisha/work1/build/arms' returned '0': CMAKE_PREFIX_PATH=${CMAKE_PREFIX_PATH}:/opt/ros/humble /usr/bin/cmake /home/nimisha/work1/src/arms -DCMAKE_INSTALL_PREFIX=/home/nimisha/work1/install/arms
[0.767s] Invoking command in '/home/nimisha/work1/build/arms': CMAKE_PREFIX_PATH=${CMAKE_PREFIX_PATH}:/opt/ros/humble /usr/bin/cmake --build /home/nimisha/work1/build/arms -- -j8 -l8
[0.792s] Invoked command in '/home/nimisha/work1/build/arms' returned '0': CMAKE_PREFIX_PATH=${CMAKE_PREFIX_PATH}:/opt/ros/humble /usr/bin/cmake --build /home/nimisha/work1/build/arms -- -j8 -l8
[0.798s] Invoking command in '/home/nimisha/work1/build/arms': CMAKE_PREFIX_PATH=${CMAKE_PREFIX_PATH}:/opt/ros/humble /usr/bin/cmake --install /home/nimisha/work1/build/arms
[0.803s] -- Install configuration: ""
[0.803s] -- Installing: /home/nimisha/work1/install/arms/share/arms/scripts
[0.803s] -- Installing: /home/nimisha/work1/install/arms/share/arms/scripts/arms.py
[0.803s] -- Installing: /home/nimisha/work1/install/arms/share/arms/scripts/log
[0.803s] -- Installing: /home/nimisha/work1/install/arms/share/arms/scripts/log/latest_build
[0.803s] -- Installing: /home/nimisha/work1/install/arms/share/arms/scripts/log/COLCON_IGNORE
[0.803s] -- Installing: /home/nimisha/work1/install/arms/share/arms/scripts/log/build_2026-06-27_14-43-37
[0.803s] -- Installing: /home/nimisha/work1/install/arms/share/arms/scripts/log/build_2026-06-27_14-43-37/logger_all.log
[0.803s] -- Installing: /home/nimisha/work1/install/arms/share/arms/scripts/log/build_2026-06-27_14-43-37/events.log
[0.803s] -- Installing: /home/nimisha/work1/install/arms/share/arms/scripts/log/latest
[0.803s] -- Installing: /home/nimisha/work1/install/arms/share/arms/scripts/install
[0.803s] -- Installing: /home/nimisha/work1/install/arms/share/arms/scripts/install/local_setup.zsh
[0.803s] -- Installing: /home/nimisha/work1/install/arms/share/arms/scripts/install/.colcon_install_layout
[0.803s] -- Installing: /home/nimisha/work1/install/arms/share/arms/scripts/install/_local_setup_util_ps1.py
[0.803s] -- Installing: /home/nimisha/work1/install/arms/share/arms/scripts/install/setup.ps1
[0.803s] -- Installing: /home/nimisha/work1/install/arms/share/arms/scripts/install/setup.bash
[0.803s] -- Installing: /home/nimisha/work1/install/arms/share/arms/scripts/install/local_setup.sh
[0.803s] -- Installing: /home/nimisha/work1/install/arms/share/arms/scripts/install/COLCON_IGNORE
[0.803s] -- Installing: /home/nimisha/work1/install/arms/share/arms/scripts/install/setup.zsh
[0.803s] -- Installing: /home/nimisha/work1/install/arms/share/arms/scripts/install/_local_setup_util_sh.py
[0.804s] -- Installing: /home/nimisha/work1/install/arms/share/arms/scripts/install/local_setup.ps1
[0.804s] -- Installing: /home/nimisha/work1/install/arms/share/arms/scripts/install/local_setup.bash
[0.804s] -- Installing: /home/nimisha/work1/install/arms/share/arms/scripts/install/setup.sh
[0.804s] -- Installing: /home/nimisha/work1/install/arms/share/arms/scripts/build
[0.804s] -- Installing: /home/nimisha/work1/install/arms/share/arms/scripts/build/COLCON_IGNORE
[0.804s] -- Installing: /home/nimisha/work1/install/arms/share/arms/scripts/build/.built_by
[0.804s] -- Installing: /home/nimisha/work1/install/arms/lib/arms/arms.py
[0.804s] -- Installing: /home/nimisha/work1/install/arms/share/ament_index/resource_index/package_run_dependencies/arms
[0.804s] -- Installing: /home/nimisha/work1/install/arms/share/ament_index/resource_index/parent_prefix_path/arms
[0.804s] -- Installing: /home/nimisha/work1/install/arms/share/arms/environment/ament_prefix_path.sh
[0.804s] -- Installing: /home/nimisha/work1/install/arms/share/arms/environment/ament_prefix_path.dsv
[0.804s] -- Installing: /home/nimisha/work1/install/arms/share/arms/environment/path.sh
[0.804s] -- Installing: /home/nimisha/work1/install/arms/share/arms/environment/path.dsv
[0.804s] -- Installing: /home/nimisha/work1/install/arms/share/arms/local_setup.bash
[0.804s] -- Installing: /home/nimisha/work1/install/arms/share/arms/local_setup.sh
[0.804s] -- Installing: /home/nimisha/work1/install/arms/share/arms/local_setup.zsh
[0.804s] -- Installing: /home/nimisha/work1/install/arms/share/arms/local_setup.dsv
[0.804s] -- Installing: /home/nimisha/work1/install/arms/share/arms/package.dsv
[0.804s] -- Installing: /home/nimisha/work1/install/arms/share/ament_index/resource_index/packages/arms
[0.804s] -- Installing: /home/nimisha/work1/install/arms/share/arms/cmake/armsConfig.cmake
[0.805s] -- Installing: /home/nimisha/work1/install/arms/share/arms/cmake/armsConfig-version.cmake
[0.805s] -- Installing: /home/nimisha/work1/install/arms/share/arms/package.xml
[0.806s] Invoked command in '/home/nimisha/work1/build/arms' returned '0': CMAKE_PREFIX_PATH=${CMAKE_PREFIX_PATH}:/opt/ros/humble /usr/bin/cmake --install /home/nimisha/work1/build/arms
