[0.009s] Invoking command in '/home/nimisha/work1/build/wheels': CMAKE_PREFIX_PATH=${CMAKE_PREFIX_PATH}:/opt/ros/humble /usr/bin/cmake /home/nimisha/work1/src/wheels -DCMAKE_INSTALL_PREFIX=/home/nimisha/work1/install/wheels
[0.062s] -- The C compiler identification is GNU 11.4.0
[0.100s] -- The CXX compiler identification is GNU 11.4.0
[0.106s] -- Detecting C compiler ABI info
[0.150s] -- Detecting C compiler ABI info - done
[0.155s] -- Check for working C compiler: /usr/bin/cc - skipped
[0.155s] -- Detecting C compile features
[0.155s] -- Detecting C compile features - done
[0.157s] -- Detecting CXX compiler ABI info
[0.206s] -- Detecting CXX compiler ABI info - done
[0.210s] -- Check for working CXX compiler: /usr/bin/c++ - skipped
[0.210s] -- Detecting CXX compile features
[0.211s] -- Detecting CXX compile features - done
[0.212s] -- Found ament_cmake: 1.3.14 (/opt/ros/humble/share/ament_cmake/cmake)
[0.312s] -- Found Python3: /usr/bin/python3 (found version "3.10.12") found components: Interpreter 
[0.372s] -- Found rclcpp: 16.0.19 (/opt/ros/humble/share/rclcpp/cmake)
[0.408s] -- Found rosidl_generator_c: 3.1.8 (/opt/ros/humble/share/rosidl_generator_c/cmake)
[0.412s] -- Found rosidl_adapter: 3.1.8 (/opt/ros/humble/share/rosidl_adapter/cmake)
[0.417s] -- Found rosidl_generator_cpp: 3.1.8 (/opt/ros/humble/share/rosidl_generator_cpp/cmake)
[0.425s] -- Using all available rosidl_typesupport_c: rosidl_typesupport_fastrtps_c;rosidl_typesupport_introspection_c
[0.435s] -- Using all available rosidl_typesupport_cpp: rosidl_typesupport_fastrtps_cpp;rosidl_typesupport_introspection_cpp
[0.460s] -- Found rmw_implementation_cmake: 6.1.2 (/opt/ros/humble/share/rmw_implementation_cmake/cmake)
[0.462s] -- Found rmw_fastrtps_cpp: 6.2.10 (/opt/ros/humble/share/rmw_fastrtps_cpp/cmake)
[0.513s] -- Found OpenSSL: /usr/lib/x86_64-linux-gnu/libcrypto.so (found version "3.0.2")  
[0.537s] -- Found FastRTPS: /opt/ros/humble/include  
[0.568s] -- Using RMW implementation 'rmw_fastrtps_cpp' as default
[0.573s] -- Looking for pthread.h
[0.618s] -- Looking for pthread.h - found
[0.618s] -- Performing Test CMAKE_HAVE_LIBC_PTHREAD
[0.667s] -- Performing Test CMAKE_HAVE_LIBC_PTHREAD - Success
[0.668s] -- Found Threads: TRUE  
[0.699s] -- Found ament_lint_auto: 0.12.15 (/opt/ros/humble/share/ament_lint_auto/cmake)
[0.753s] -- Added test 'cppcheck' to perform static code analysis on C / C++ code
[0.753s] -- Configured cppcheck include dirs: 
[0.753s] -- Configured cppcheck exclude dirs and/or files: 
[0.754s] -- Added test 'flake8' to check Python code syntax and style conventions
[0.755s] -- Added test 'lint_cmake' to check CMake code style
[0.756s] -- Added test 'pep257' to check Python code against some of the docstring style conventions in PEP 257
[0.761s] -- Added test 'uncrustify' to check C / C++ code style
[0.761s] -- Configured uncrustify additional arguments: 
[0.762s] -- Added test 'xmllint' to check XML markup files
[0.762s] -- Configuring done
[0.766s] -- Generating done
[0.768s] -- Build files have been written to: /home/nimisha/work1/build/wheels
[0.776s] Invoked command in '/home/nimisha/work1/build/wheels' returned '0': CMAKE_PREFIX_PATH=${CMAKE_PREFIX_PATH}:/opt/ros/humble /usr/bin/cmake /home/nimisha/work1/src/wheels -DCMAKE_INSTALL_PREFIX=/home/nimisha/work1/install/wheels
[0.778s] Invoking command in '/home/nimisha/work1/build/wheels': CMAKE_PREFIX_PATH=${CMAKE_PREFIX_PATH}:/opt/ros/humble /usr/bin/cmake --build /home/nimisha/work1/build/wheels -- -j8 -l8
[0.812s] Invoked command in '/home/nimisha/work1/build/wheels' returned '0': CMAKE_PREFIX_PATH=${CMAKE_PREFIX_PATH}:/opt/ros/humble /usr/bin/cmake --build /home/nimisha/work1/build/wheels -- -j8 -l8
[0.813s] Invoking command in '/home/nimisha/work1/build/wheels': CMAKE_PREFIX_PATH=${CMAKE_PREFIX_PATH}:/opt/ros/humble /usr/bin/cmake --install /home/nimisha/work1/build/wheels
[0.817s] -- Install configuration: ""
[0.817s] -- Installing: /home/nimisha/work1/install/wheels/share/wheels/scripts
[0.817s] -- Installing: /home/nimisha/work1/install/wheels/share/wheels/scripts/wheels.py
[0.817s] -- Installing: /home/nimisha/work1/install/wheels/lib/wheels/wheels.py
[0.817s] -- Installing: /home/nimisha/work1/install/wheels/share/ament_index/resource_index/package_run_dependencies/wheels
[0.817s] -- Installing: /home/nimisha/work1/install/wheels/share/ament_index/resource_index/parent_prefix_path/wheels
[0.818s] -- Installing: /home/nimisha/work1/install/wheels/share/wheels/environment/ament_prefix_path.sh
[0.818s] -- Installing: /home/nimisha/work1/install/wheels/share/wheels/environment/ament_prefix_path.dsv
[0.818s] -- Installing: /home/nimisha/work1/install/wheels/share/wheels/environment/path.sh
[0.818s] -- Installing: /home/nimisha/work1/install/wheels/share/wheels/environment/path.dsv
[0.818s] -- Installing: /home/nimisha/work1/install/wheels/share/wheels/local_setup.bash
[0.818s] -- Installing: /home/nimisha/work1/install/wheels/share/wheels/local_setup.sh
[0.818s] -- Installing: /home/nimisha/work1/install/wheels/share/wheels/local_setup.zsh
[0.818s] -- Installing: /home/nimisha/work1/install/wheels/share/wheels/local_setup.dsv
[0.819s] -- Installing: /home/nimisha/work1/install/wheels/share/wheels/package.dsv
[0.819s] -- Installing: /home/nimisha/work1/install/wheels/share/ament_index/resource_index/packages/wheels
[0.819s] -- Installing: /home/nimisha/work1/install/wheels/share/wheels/cmake/wheelsConfig.cmake
[0.819s] -- Installing: /home/nimisha/work1/install/wheels/share/wheels/cmake/wheelsConfig-version.cmake
[0.819s] -- Installing: /home/nimisha/work1/install/wheels/share/wheels/package.xml
[0.821s] Invoked command in '/home/nimisha/work1/build/wheels' returned '0': CMAKE_PREFIX_PATH=${CMAKE_PREFIX_PATH}:/opt/ros/humble /usr/bin/cmake --install /home/nimisha/work1/build/wheels
