[0.006s] Invoking command in '/home/nimisha/work1/src/wheels/build/wheels': CMAKE_PREFIX_PATH=${CMAKE_PREFIX_PATH}:/opt/ros/humble /usr/bin/cmake /home/nimisha/work1/src/wheels -DCMAKE_INSTALL_PREFIX=/home/nimisha/work1/src/wheels/install/wheels
[0.065s] -- The C compiler identification is GNU 11.4.0
[0.127s] -- The CXX compiler identification is GNU 11.4.0
[0.132s] -- Detecting C compiler ABI info
[0.184s] -- Detecting C compiler ABI info - done
[0.189s] -- Check for working C compiler: /usr/bin/cc - skipped
[0.189s] -- Detecting C compile features
[0.189s] -- Detecting C compile features - done
[0.192s] -- Detecting CXX compiler ABI info
[0.244s] -- Detecting CXX compiler ABI info - done
[0.249s] -- Check for working CXX compiler: /usr/bin/c++ - skipped
[0.249s] -- Detecting CXX compile features
[0.249s] -- Detecting CXX compile features - done
[0.251s] -- Found ament_cmake: 1.3.14 (/opt/ros/humble/share/ament_cmake/cmake)
[0.345s] -- Found Python3: /usr/bin/python3 (found version "3.10.12") found components: Interpreter 
[0.396s] -- Found rclcpp: 16.0.19 (/opt/ros/humble/share/rclcpp/cmake)
[0.420s] -- Found rosidl_generator_c: 3.1.8 (/opt/ros/humble/share/rosidl_generator_c/cmake)
[0.422s] -- Found rosidl_adapter: 3.1.8 (/opt/ros/humble/share/rosidl_adapter/cmake)
[0.427s] -- Found rosidl_generator_cpp: 3.1.8 (/opt/ros/humble/share/rosidl_generator_cpp/cmake)
[0.434s] -- Using all available rosidl_typesupport_c: rosidl_typesupport_fastrtps_c;rosidl_typesupport_introspection_c
[0.443s] -- Using all available rosidl_typesupport_cpp: rosidl_typesupport_fastrtps_cpp;rosidl_typesupport_introspection_cpp
[0.466s] -- Found rmw_implementation_cmake: 6.1.2 (/opt/ros/humble/share/rmw_implementation_cmake/cmake)
[0.467s] -- Found rmw_fastrtps_cpp: 6.2.10 (/opt/ros/humble/share/rmw_fastrtps_cpp/cmake)
[0.514s] -- Found OpenSSL: /usr/lib/x86_64-linux-gnu/libcrypto.so (found version "3.0.2")  
[0.530s] -- Found FastRTPS: /opt/ros/humble/include  
[0.554s] -- Using RMW implementation 'rmw_fastrtps_cpp' as default
[0.559s] -- Looking for pthread.h
[0.615s] -- Looking for pthread.h - found
[0.615s] -- Performing Test CMAKE_HAVE_LIBC_PTHREAD
[0.671s] -- Performing Test CMAKE_HAVE_LIBC_PTHREAD - Success
[0.672s] -- Found Threads: TRUE  
[0.703s] -- Found ament_lint_auto: 0.12.15 (/opt/ros/humble/share/ament_lint_auto/cmake)
[0.751s] -- Added test 'cppcheck' to perform static code analysis on C / C++ code
[0.751s] -- Configured cppcheck include dirs: 
[0.751s] -- Configured cppcheck exclude dirs and/or files: 
[0.751s] -- Added test 'flake8' to check Python code syntax and style conventions
[0.752s] -- Added test 'lint_cmake' to check CMake code style
[0.752s] -- Added test 'pep257' to check Python code against some of the docstring style conventions in PEP 257
[0.755s] -- Added test 'uncrustify' to check C / C++ code style
[0.755s] -- Configured uncrustify additional arguments: 
[0.755s] -- Added test 'xmllint' to check XML markup files
[0.756s] -- Configuring done
[0.758s] -- Generating done
[0.759s] -- Build files have been written to: /home/nimisha/work1/src/wheels/build/wheels
[0.765s] Invoked command in '/home/nimisha/work1/src/wheels/build/wheels' returned '0': CMAKE_PREFIX_PATH=${CMAKE_PREFIX_PATH}:/opt/ros/humble /usr/bin/cmake /home/nimisha/work1/src/wheels -DCMAKE_INSTALL_PREFIX=/home/nimisha/work1/src/wheels/install/wheels
[0.766s] Invoking command in '/home/nimisha/work1/src/wheels/build/wheels': CMAKE_PREFIX_PATH=${CMAKE_PREFIX_PATH}:/opt/ros/humble /usr/bin/cmake --build /home/nimisha/work1/src/wheels/build/wheels -- -j8 -l8
[0.796s] Invoked command in '/home/nimisha/work1/src/wheels/build/wheels' returned '0': CMAKE_PREFIX_PATH=${CMAKE_PREFIX_PATH}:/opt/ros/humble /usr/bin/cmake --build /home/nimisha/work1/src/wheels/build/wheels -- -j8 -l8
[0.806s] Invoking command in '/home/nimisha/work1/src/wheels/build/wheels': CMAKE_PREFIX_PATH=${CMAKE_PREFIX_PATH}:/opt/ros/humble /usr/bin/cmake --install /home/nimisha/work1/src/wheels/build/wheels
[0.813s] -- Install configuration: ""
[0.813s] -- Installing: /home/nimisha/work1/src/wheels/install/wheels/share/wheels/scripts
[0.813s] -- Installing: /home/nimisha/work1/src/wheels/install/wheels/share/wheels/scripts/wheels.py
[0.813s] -- Installing: /home/nimisha/work1/src/wheels/install/wheels/lib/wheels/wheels.py
[0.813s] -- Installing: /home/nimisha/work1/src/wheels/install/wheels/share/ament_index/resource_index/package_run_dependencies/wheels
[0.813s] -- Installing: /home/nimisha/work1/src/wheels/install/wheels/share/ament_index/resource_index/parent_prefix_path/wheels
[0.813s] -- Installing: /home/nimisha/work1/src/wheels/install/wheels/share/wheels/environment/ament_prefix_path.sh
[0.813s] -- Installing: /home/nimisha/work1/src/wheels/install/wheels/share/wheels/environment/ament_prefix_path.dsv
[0.814s] -- Installing: /home/nimisha/work1/src/wheels/install/wheels/share/wheels/environment/path.sh
[0.814s] -- Installing: /home/nimisha/work1/src/wheels/install/wheels/share/wheels/environment/path.dsv
[0.814s] -- Installing: /home/nimisha/work1/src/wheels/install/wheels/share/wheels/local_setup.bash
[0.814s] -- Installing: /home/nimisha/work1/src/wheels/install/wheels/share/wheels/local_setup.sh
[0.814s] -- Installing: /home/nimisha/work1/src/wheels/install/wheels/share/wheels/local_setup.zsh
[0.814s] -- Installing: /home/nimisha/work1/src/wheels/install/wheels/share/wheels/local_setup.dsv
[0.814s] -- Installing: /home/nimisha/work1/src/wheels/install/wheels/share/wheels/package.dsv
[0.814s] -- Installing: /home/nimisha/work1/src/wheels/install/wheels/share/ament_index/resource_index/packages/wheels
[0.814s] -- Installing: /home/nimisha/work1/src/wheels/install/wheels/share/wheels/cmake/wheelsConfig.cmake
[0.814s] -- Installing: /home/nimisha/work1/src/wheels/install/wheels/share/wheels/cmake/wheelsConfig-version.cmake
[0.814s] -- Installing: /home/nimisha/work1/src/wheels/install/wheels/share/wheels/package.xml
[0.815s] Invoked command in '/home/nimisha/work1/src/wheels/build/wheels' returned '0': CMAKE_PREFIX_PATH=${CMAKE_PREFIX_PATH}:/opt/ros/humble /usr/bin/cmake --install /home/nimisha/work1/src/wheels/build/wheels
